<?xml version="1.0" encoding="UTF-8"?>
<!-- Generated by org.testng.reporters.JUnitReportReporter -->
<testsuite skipped="0" hostname="Amit-PC" name="com.QA.Test1" tests="2" failures="0" timestamp="30 Jun 2018 05:43:19 GMT" time="52.222" errors="0">
  <testcase name="setup" time="28.284" classname="com.QA.Test1"/>
  <testcase name="setup" time="23.938" classname="com.QA.Test1"/>
</testsuite> <!-- com.QA.Test1 -->
