<?xml version="1.0" encoding="UTF-8"?>
<!-- Generated by org.testng.reporters.JUnitReportReporter -->
<testsuite skipped="0" hostname="Amit-PC" name="com.QA.Test1" tests="1" failures="0" timestamp="03 Jun 2018 16:51:23 GMT" time="28.953" errors="0">
  <testcase name="setup" time="28.953" classname="com.QA.Test1"/>
</testsuite> <!-- com.QA.Test1 -->
