<?xml version="1.0" encoding="UTF-8"?>
<!-- Generated by org.testng.reporters.JUnitReportReporter -->
<testsuite skipped="0" hostname="Amit-PC" name="com.QA.Test1" tests="1" failures="0" timestamp="28 Apr 2018 06:31:53 GMT" time="45.071" errors="0">
  <testcase name="setup" time="45.071" classname="com.QA.Test1"/>
</testsuite> <!-- com.QA.Test1 -->
