<?xml version="1.0" encoding="UTF-8"?>
<!-- Generated by org.testng.reporters.JUnitReportReporter -->
<testsuite skipped="0" hostname="Amit-PC" name="com.QA.Test1" tests="2" failures="0" timestamp="30 Jun 2018 06:06:36 GMT" time="22.328" errors="0">
  <testcase name="setup" time="12.679" classname="com.QA.Test1"/>
  <testcase name="setup" time="9.649" classname="com.QA.Test1"/>
</testsuite> <!-- com.QA.Test1 -->
