<?xml version="1.0" encoding="UTF-8"?>
<!-- Generated by org.testng.reporters.JUnitReportReporter -->
<testsuite skipped="0" hostname="Amit-PC" name="com.QA.Test1" tests="1" failures="0" timestamp="10 Jun 2018 10:41:00 GMT" time="47.191" errors="0">
  <testcase name="setup" time="47.191" classname="com.QA.Test1"/>
</testsuite> <!-- com.QA.Test1 -->
